# JRE version: OpenJDK Runtime Environment (8.0_275-b01) (build 1.8.0_275-b01)
# Java VM: OpenJDK 64-Bit Server VM (25.275-b01 mixed mode windows-amd64 compressed oops)
Heap:
 PSYoungGen      total 128512K, used 17412K [0x0000000770a00000, 0x000000077c700000, 0x00000007c0000000)
  eden space 118272K, 6% used [0x0000000770a00000,0x0000000771105480,0x0000000777d80000)
  from space 10240K, 99% used [0x0000000777d80000,0x000000077877bc98,0x0000000778780000)
  to   space 10752K, 0% used [0x000000077bc80000,0x000000077bc80000,0x000000077c700000)
 ParOldGen       total 86528K, used 19538K [0x00000006d1e00000, 0x00000006d7280000, 0x0000000770a00000)
  object space 86528K, 22% used [0x00000006d1e00000,0x00000006d3114ab8,0x00000006d7280000)
 Metaspace       used 38308K, capacity 40790K, committed 40960K, reserved 1085440K
  class space    used 5037K, capacity 5509K, committed 5632K, reserved 1048576K
GC Heap History (10 events):
Event: 2.748 GC heap before
{Heap before GC invocations=5 (full 1):
 PSYoungGen      total 71680K, used 61411K [0x0000000770a00000, 0x0000000779600000, 0x00000007c0000000)
  eden space 61440K, 99% used [0x0000000770a00000,0x00000007745f8d80,0x0000000774600000)
  from space 10240K, 0% used [0x0000000774600000,0x0000000774600000,0x0000000775000000)
  to   space 10240K, 0% used [0x0000000778c00000,0x0000000778c00000,0x0000000779600000)
 ParOldGen       total 86528K, used 6810K [0x00000006d1e00000, 0x00000006d7280000, 0x0000000770a00000)
  object space 86528K, 7% used [0x00000006d1e00000,0x00000006d24a69b0,0x00000006d7280000)
 Metaspace       used 23148K, capacity 24908K, committed 25216K, reserved 1071104K
  class space    used 3043K, capacity 3386K, committed 3456K, reserved 1048576K
Event: 2.752 GC heap after
Heap after GC invocations=5 (full 1):
 PSYoungGen      total 109568K, used 5405K [0x0000000770a00000, 0x0000000779180000, 0x00000007c0000000)
  eden space 103936K, 0% used [0x0000000770a00000,0x0000000770a00000,0x0000000776f80000)
  from space 5632K, 95% used [0x0000000778c00000,0x0000000779147508,0x0000000779180000)
  to   space 10240K, 0% used [0x0000000777d80000,0x0000000777d80000,0x0000000778780000)
 ParOldGen       total 86528K, used 6818K [0x00000006d1e00000, 0x00000006d7280000, 0x0000000770a00000)
  object space 86528K, 7% used [0x00000006d1e00000,0x00000006d24a89b0,0x00000006d7280000)
 Metaspace       used 23148K, capacity 24908K, committed 25216K, reserved 1071104K
  class space    used 3043K, capacity 3386K, committed 3456K, reserved 1048576K
}
Event: 3.664 GC heap before
{Heap before GC invocations=6 (full 1):
 PSYoungGen      total 109568K, used 109341K [0x0000000770a00000, 0x0000000779180000, 0x00000007c0000000)
  eden space 103936K, 100% used [0x0000000770a00000,0x0000000776f80000,0x0000000776f80000)
  from space 5632K, 95% used [0x0000000778c00000,0x0000000779147508,0x0000000779180000)
  to   space 10240K, 0% used [0x0000000777d80000,0x0000000777d80000,0x0000000778780000)
 ParOldGen       total 86528K, used 6818K [0x00000006d1e00000, 0x00000006d7280000, 0x0000000770a00000)
  object space 86528K, 7% used [0x00000006d1e00000,0x00000006d24a89b0,0x00000006d7280000)
 Metaspace       used 28076K, capacity 30226K, committed 30464K, reserved 1075200K
  class space    used 3679K, capacity 4089K, committed 4096K, reserved 1048576K
Event: 3.674 GC heap after
Heap after GC invocations=6 (full 1):
 PSYoungGen      total 128512K, used 9075K [0x0000000770a00000, 0x000000077c700000, 0x00000007c0000000)
  eden space 118272K, 0% used [0x0000000770a00000,0x0000000770a00000,0x0000000777d80000)
  from space 10240K, 88% used [0x0000000777d80000,0x000000077865cfc0,0x0000000778780000)
  to   space 10752K, 0% used [0x000000077bc80000,0x000000077bc80000,0x000000077c700000)
 ParOldGen       total 86528K, used 6826K [0x00000006d1e00000, 0x00000006d7280000, 0x0000000770a00000)
  object space 86528K, 7% used [0x00000006d1e00000,0x00000006d24aa9b0,0x00000006d7280000)
 Metaspace       used 28076K, capacity 30226K, committed 30464K, reserved 1075200K
  class space    used 3679K, capacity 4089K, committed 4096K, reserved 1048576K
}
Event: 4.418 GC heap before
{Heap before GC invocations=7 (full 1):
 PSYoungGen      total 128512K, used 72686K [0x0000000770a00000, 0x000000077c700000, 0x00000007c0000000)
  eden space 118272K, 53% used [0x0000000770a00000,0x000000077481ec28,0x0000000777d80000)
  from space 10240K, 88% used [0x0000000777d80000,0x000000077865cfc0,0x0000000778780000)
  to   space 10752K, 0% used [0x000000077bc80000,0x000000077bc80000,0x000000077c700000)
 ParOldGen       total 86528K, used 6826K [0x00000006d1e00000, 0x00000006d7280000, 0x0000000770a00000)
  object space 86528K, 7% used [0x00000006d1e00000,0x00000006d24aa9b0,0x00000006d7280000)
 Metaspace       used 33061K, capacity 35350K, committed 35496K, reserved 1079296K
  class space    used 4363K, capacity 4793K, committed 4864K, reserved 1048576K
Event: 4.428 GC heap after
Heap after GC invocations=7 (full 1):
 PSYoungGen      total 129024K, used 10738K [0x0000000770a00000, 0x000000077c700000, 0x00000007c0000000)
  eden space 118272K, 0% used [0x0000000770a00000,0x0000000770a00000,0x0000000777d80000)
  from space 10752K, 99% used [0x000000077bc80000,0x000000077c6fc990,0x000000077c700000)
  to   space 10240K, 0% used [0x0000000777d80000,0x0000000777d80000,0x0000000778780000)
 ParOldGen       total 86528K, used 7203K [0x00000006d1e00000, 0x00000006d7280000, 0x0000000770a00000)
  object space 86528K, 8% used [0x00000006d1e00000,0x00000006d2508e98,0x00000006d7280000)
 Metaspace       used 33061K, capacity 35350K, committed 35496K, reserved 1079296K
  class space    used 4363K, capacity 4793K, committed 4864K, reserved 1048576K
}
Event: 4.428 GC heap before
{Heap before GC invocations=8 (full 2):
 PSYoungGen      total 129024K, used 10738K [0x0000000770a00000, 0x000000077c700000, 0x00000007c0000000)
  eden space 118272K, 0% used [0x0000000770a00000,0x0000000770a00000,0x0000000777d80000)
  from space 10752K, 99% used [0x000000077bc80000,0x000000077c6fc990,0x000000077c700000)
  to   space 10240K, 0% used [0x0000000777d80000,0x0000000777d80000,0x0000000778780000)
 ParOldGen       total 86528K, used 7203K [0x00000006d1e00000, 0x00000006d7280000, 0x0000000770a00000)
  object space 86528K, 8% used [0x00000006d1e00000,0x00000006d2508e98,0x00000006d7280000)
 Metaspace       used 33061K, capacity 35350K, committed 35496K, reserved 1079296K
  class space    used 4363K, capacity 4793K, committed 4864K, reserved 1048576K
Event: 4.467 GC heap after
Heap after GC invocations=8 (full 2):
 PSYoungGen      total 129024K, used 0K [0x0000000770a00000, 0x000000077c700000, 0x00000007c0000000)
  eden space 118272K, 0% used [0x0000000770a00000,0x0000000770a00000,0x0000000777d80000)
  from space 10752K, 0% used [0x000000077bc80000,0x000000077bc80000,0x000000077c700000)
  to   space 10240K, 0% used [0x0000000777d80000,0x0000000777d80000,0x0000000778780000)
 ParOldGen       total 86528K, used 15955K [0x00000006d1e00000, 0x00000006d7280000, 0x0000000770a00000)
  object space 86528K, 18% used [0x00000006d1e00000,0x00000006d2d94ec0,0x00000006d7280000)
 Metaspace       used 33061K, capacity 35350K, committed 35496K, reserved 1079296K
  class space    used 4363K, capacity 4793K, committed 4864K, reserved 1048576K
}
Event: 5.495 GC heap before
{Heap before GC invocations=9 (full 2):
 PSYoungGen      total 129024K, used 118272K [0x0000000770a00000, 0x000000077c700000, 0x00000007c0000000)
  eden space 118272K, 100% used [0x0000000770a00000,0x0000000777d80000,0x0000000777d80000)
  from space 10752K, 0% used [0x000000077bc80000,0x000000077bc80000,0x000000077c700000)
  to   space 10240K, 0% used [0x0000000777d80000,0x0000000777d80000,0x0000000778780000)
 ParOldGen       total 86528K, used 15955K [0x00000006d1e00000, 0x00000006d7280000, 0x0000000770a00000)
  object space 86528K, 18% used [0x00000006d1e00000,0x00000006d2d94ec0,0x00000006d7280000)
 Metaspace       used 37562K, capacity 40080K, committed 40320K, reserved 1083392K
  class space    used 4979K, capacity 5444K, committed 5504K, reserved 1048576K
Event: 5.505 GC heap after
Heap after GC invocations=9 (full 2):
 PSYoungGen      total 128512K, used 10223K [0x0000000770a00000, 0x000000077c700000, 0x00000007c0000000)
  eden space 118272K, 0% used [0x0000000770a00000,0x0000000770a00000,0x0000000777d80000)
  from space 10240K, 99% used [0x0000000777d80000,0x000000077877bc98,0x0000000778780000)
  to   space 10752K, 0% used [0x000000077bc80000,0x000000077bc80000,0x000000077c700000)
 ParOldGen       total 86528K, used 19538K [0x00000006d1e00000, 0x00000006d7280000, 0x0000000770a00000)
  object space 86528K, 22% used [0x00000006d1e00000,0x00000006d3114ab8,0x00000006d7280000)
 Metaspace       used 37562K, capacity 40080K, committed 40320K, reserved 1083392K
  class space    used 4979K, capacity 5444K, committed 5504K, reserved 1048576K
}

