# JRE version: OpenJDK Runtime Environment (8.0_275-b01) (build 1.8.0_275-b01)
# Java VM: OpenJDK 64-Bit Server VM (25.275-b01 mixed mode windows-amd64 compressed oops)
Heap:
 PSYoungGen      total 129536K, used 9859K [0x0000000770a00000, 0x000000077c700000, 0x00000007c0000000)
  eden space 118272K, 8% used [0x0000000770a00000,0x00000007713a0e30,0x0000000777d80000)
  from space 11264K, 0% used [0x000000077bc00000,0x000000077bc00000,0x000000077c700000)
  to   space 10240K, 0% used [0x0000000777d80000,0x0000000777d80000,0x0000000778780000)
 ParOldGen       total 86528K, used 22407K [0x00000006d1e00000, 0x00000006d7280000, 0x0000000770a00000)
  object space 86528K, 25% used [0x00000006d1e00000,0x00000006d33e1ff8,0x00000006d7280000)
 Metaspace       used 47068K, capacity 49912K, committed 50176K, reserved 1097728K
  class space    used 6376K, capacity 6889K, committed 6912K, reserved 1048576K
GC Heap History (10 events):
Event: 4.590 GC heap before
{Heap before GC invocations=7 (full 1):
 PSYoungGen      total 128512K, used 74330K [0x0000000770a00000, 0x000000077c700000, 0x00000007c0000000)
  eden space 118272K, 55% used [0x0000000770a00000,0x0000000774989a30,0x0000000777d80000)
  from space 10240K, 90% used [0x0000000777d80000,0x000000077868d108,0x0000000778780000)
  to   space 11264K, 0% used [0x000000077bc00000,0x000000077bc00000,0x000000077c700000)
 ParOldGen       total 86528K, used 6916K [0x00000006d1e00000, 0x00000006d7280000, 0x0000000770a00000)
  object space 86528K, 7% used [0x00000006d1e00000,0x00000006d24c11a8,0x00000006d7280000)
 Metaspace       used 33123K, capacity 35384K, committed 35496K, reserved 1079296K
  class space    used 4378K, capacity 4824K, committed 4864K, reserved 1048576K
Event: 4.601 GC heap after
Heap after GC invocations=7 (full 1):
 PSYoungGen      total 129536K, used 11189K [0x0000000770a00000, 0x000000077c700000, 0x00000007c0000000)
  eden space 118272K, 0% used [0x0000000770a00000,0x0000000770a00000,0x0000000777d80000)
  from space 11264K, 99% used [0x000000077bc00000,0x000000077c6ed5f0,0x000000077c700000)
  to   space 10240K, 0% used [0x0000000777d80000,0x0000000777d80000,0x0000000778780000)
 ParOldGen       total 86528K, used 6924K [0x00000006d1e00000, 0x00000006d7280000, 0x0000000770a00000)
  object space 86528K, 8% used [0x00000006d1e00000,0x00000006d24c31a8,0x00000006d7280000)
 Metaspace       used 33123K, capacity 35384K, committed 35496K, reserved 1079296K
  class space    used 4378K, capacity 4824K, committed 4864K, reserved 1048576K
}
Event: 4.601 GC heap before
{Heap before GC invocations=8 (full 2):
 PSYoungGen      total 129536K, used 11189K [0x0000000770a00000, 0x000000077c700000, 0x00000007c0000000)
  eden space 118272K, 0% used [0x0000000770a00000,0x0000000770a00000,0x0000000777d80000)
  from space 11264K, 99% used [0x000000077bc00000,0x000000077c6ed5f0,0x000000077c700000)
  to   space 10240K, 0% used [0x0000000777d80000,0x0000000777d80000,0x0000000778780000)
 ParOldGen       total 86528K, used 6924K [0x00000006d1e00000, 0x00000006d7280000, 0x0000000770a00000)
  object space 86528K, 8% used [0x00000006d1e00000,0x00000006d24c31a8,0x00000006d7280000)
 Metaspace       used 33123K, capacity 35384K, committed 35496K, reserved 1079296K
  class space    used 4378K, capacity 4824K, committed 4864K, reserved 1048576K
Event: 4.642 GC heap after
Heap after GC invocations=8 (full 2):
 PSYoungGen      total 129536K, used 0K [0x0000000770a00000, 0x000000077c700000, 0x00000007c0000000)
  eden space 118272K, 0% used [0x0000000770a00000,0x0000000770a00000,0x0000000777d80000)
  from space 11264K, 0% used [0x000000077bc00000,0x000000077bc00000,0x000000077c700000)
  to   space 10240K, 0% used [0x0000000777d80000,0x0000000777d80000,0x0000000778780000)
 ParOldGen       total 86528K, used 16003K [0x00000006d1e00000, 0x00000006d7280000, 0x0000000770a00000)
  object space 86528K, 18% used [0x00000006d1e00000,0x00000006d2da0de0,0x00000006d7280000)
 Metaspace       used 33123K, capacity 35384K, committed 35496K, reserved 1079296K
  class space    used 4378K, capacity 4824K, committed 4864K, reserved 1048576K
}
Event: 5.677 GC heap before
{Heap before GC invocations=9 (full 2):
 PSYoungGen      total 129536K, used 118272K [0x0000000770a00000, 0x000000077c700000, 0x00000007c0000000)
  eden space 118272K, 100% used [0x0000000770a00000,0x0000000777d80000,0x0000000777d80000)
  from space 11264K, 0% used [0x000000077bc00000,0x000000077bc00000,0x000000077c700000)
  to   space 10240K, 0% used [0x0000000777d80000,0x0000000777d80000,0x0000000778780000)
 ParOldGen       total 86528K, used 16003K [0x00000006d1e00000, 0x00000006d7280000, 0x0000000770a00000)
  object space 86528K, 18% used [0x00000006d1e00000,0x00000006d2da0de0,0x00000006d7280000)
 Metaspace       used 37558K, capacity 40084K, committed 40320K, reserved 1083392K
  class space    used 4980K, capacity 5444K, committed 5504K, reserved 1048576K
Event: 5.687 GC heap after
Heap after GC invocations=9 (full 2):
 PSYoungGen      total 128512K, used 10234K [0x0000000770a00000, 0x000000077c700000, 0x00000007c0000000)
  eden space 118272K, 0% used [0x0000000770a00000,0x0000000770a00000,0x0000000777d80000)
  from space 10240K, 99% used [0x0000000777d80000,0x000000077877eb90,0x0000000778780000)
  to   space 11264K, 0% used [0x000000077bc00000,0x000000077bc00000,0x000000077c700000)
 ParOldGen       total 86528K, used 19373K [0x00000006d1e00000, 0x00000006d7280000, 0x0000000770a00000)
  object space 86528K, 22% used [0x00000006d1e00000,0x00000006d30eb410,0x00000006d7280000)
 Metaspace       used 37558K, capacity 40084K, committed 40320K, reserved 1083392K
  class space    used 4980K, capacity 5444K, committed 5504K, reserved 1048576K
}
Event: 7.085 GC heap before
{Heap before GC invocations=10 (full 2):
 PSYoungGen      total 128512K, used 114290K [0x0000000770a00000, 0x000000077c700000, 0x00000007c0000000)
  eden space 118272K, 87% used [0x0000000770a00000,0x0000000776f9dda8,0x0000000777d80000)
  from space 10240K, 99% used [0x0000000777d80000,0x000000077877eb90,0x0000000778780000)
  to   space 11264K, 0% used [0x000000077bc00000,0x000000077bc00000,0x000000077c700000)
 ParOldGen       total 86528K, used 19373K [0x00000006d1e00000, 0x00000006d7280000, 0x0000000770a00000)
  object space 86528K, 22% used [0x00000006d1e00000,0x00000006d30eb410,0x00000006d7280000)
 Metaspace       used 46290K, capacity 48998K, committed 49024K, reserved 1097728K
  class space    used 6237K, capacity 6758K, committed 6784K, reserved 1048576K
Event: 7.093 GC heap after
Heap after GC invocations=10 (full 2):
 PSYoungGen      total 129536K, used 11261K [0x0000000770a00000, 0x000000077c700000, 0x00000007c0000000)
  eden space 118272K, 0% used [0x0000000770a00000,0x0000000770a00000,0x0000000777d80000)
  from space 11264K, 99% used [0x000000077bc00000,0x000000077c6ff5e0,0x000000077c700000)
  to   space 10240K, 0% used [0x0000000777d80000,0x0000000777d80000,0x0000000778780000)
 ParOldGen       total 86528K, used 19535K [0x00000006d1e00000, 0x00000006d7280000, 0x0000000770a00000)
  object space 86528K, 22% used [0x00000006d1e00000,0x00000006d3113e98,0x00000006d7280000)
 Metaspace       used 46290K, capacity 48998K, committed 49024K, reserved 1097728K
  class space    used 6237K, capacity 6758K, committed 6784K, reserved 1048576K
}
Event: 7.093 GC heap before
{Heap before GC invocations=11 (full 3):
 PSYoungGen      total 129536K, used 11261K [0x0000000770a00000, 0x000000077c700000, 0x00000007c0000000)
  eden space 118272K, 0% used [0x0000000770a00000,0x0000000770a00000,0x0000000777d80000)
  from space 11264K, 99% used [0x000000077bc00000,0x000000077c6ff5e0,0x000000077c700000)
  to   space 10240K, 0% used [0x0000000777d80000,0x0000000777d80000,0x0000000778780000)
 ParOldGen       total 86528K, used 19535K [0x00000006d1e00000, 0x00000006d7280000, 0x0000000770a00000)
  object space 86528K, 22% used [0x00000006d1e00000,0x00000006d3113e98,0x00000006d7280000)
 Metaspace       used 46290K, capacity 48998K, committed 49024K, reserved 1097728K
  class space    used 6237K, capacity 6758K, committed 6784K, reserved 1048576K
Event: 7.245 GC heap after
Heap after GC invocations=11 (full 3):
 PSYoungGen      total 129536K, used 0K [0x0000000770a00000, 0x000000077c700000, 0x00000007c0000000)
  eden space 118272K, 0% used [0x0000000770a00000,0x0000000770a00000,0x0000000777d80000)
  from space 11264K, 0% used [0x000000077bc00000,0x000000077bc00000,0x000000077c700000)
  to   space 10240K, 0% used [0x0000000777d80000,0x0000000777d80000,0x0000000778780000)
 ParOldGen       total 86528K, used 22407K [0x00000006d1e00000, 0x00000006d7280000, 0x0000000770a00000)
  object space 86528K, 25% used [0x00000006d1e00000,0x00000006d33e1ff8,0x00000006d7280000)
 Metaspace       used 46290K, capacity 48998K, committed 49024K, reserved 1095680K
  class space    used 6237K, capacity 6758K, committed 6784K, reserved 1048576K
}

